[04-Dec-2023 23:32:49 UTC] PHP Fatal error:  Uncaught Error: Call to undefined function alert() in C:\www\assignment5\register.php:11
Stack trace:
#0 {main}
  thrown in C:\www\assignment5\register.php on line 11
[04-Dec-2023 23:33:02 UTC] PHP Fatal error:  Uncaught Error: Call to undefined function alert() in C:\www\assignment5\register.php:11
Stack trace:
#0 {main}
  thrown in C:\www\assignment5\register.php on line 11
[04-Dec-2023 23:33:31 UTC] PHP Fatal error:  Uncaught Error: Call to undefined function alert() in C:\www\assignment5\register.php:11
Stack trace:
#0 {main}
  thrown in C:\www\assignment5\register.php on line 11
[04-Dec-2023 23:56:33 UTC] PHP Parse error:  syntax error, unexpected variable "$sql" in C:\www\assignment5\register.php on line 15
[04-Dec-2023 23:58:47 UTC] PHP Parse error:  syntax error, unexpected variable "$sql" in C:\www\assignment5\register.php on line 15
[05-Dec-2023 00:15:35 UTC] PHP Parse error:  syntax error, unexpected token "}" in C:\www\assignment5\register.php on line 30
[05-Dec-2023 00:16:15 UTC] PHP Fatal error:  Uncaught mysqli_sql_exception: Unknown column 'image' in 'field list' in C:\www\assignment5\register.php:24
Stack trace:
#0 C:\www\assignment5\register.php(24): mysqli->query('INSERT INTO ass...')
#1 {main}
  thrown in C:\www\assignment5\register.php on line 24
[05-Dec-2023 00:17:18 UTC] PHP Fatal error:  Uncaught mysqli_sql_exception: Unknown column 'image' in 'field list' in C:\www\assignment5\register.php:24
Stack trace:
#0 C:\www\assignment5\register.php(24): mysqli->query('INSERT INTO ass...')
#1 {main}
  thrown in C:\www\assignment5\register.php on line 24
[05-Dec-2023 00:18:04 UTC] PHP Fatal error:  Uncaught mysqli_sql_exception: Unknown column 'image' in 'field list' in C:\www\assignment5\register.php:24
Stack trace:
#0 C:\www\assignment5\register.php(24): mysqli->query('INSERT INTO ass...')
#1 {main}
  thrown in C:\www\assignment5\register.php on line 24
[07-Dec-2023 03:49:48 UTC] PHP Fatal error:  Uncaught Error: Call to undefined function alert() in C:\www\assignment5\login.php:4
Stack trace:
#0 {main}
  thrown in C:\www\assignment5\login.php on line 4
[07-Dec-2023 04:08:53 UTC] PHP Fatal error:  Uncaught Error: Object of class mysqli_result could not be converted to string in C:\www\assignment5\login.php:16
Stack trace:
#0 {main}
  thrown in C:\www\assignment5\login.php on line 16
[07-Dec-2023 04:10:08 UTC] PHP Fatal error:  Uncaught Error: Undefined constant "num_rows" in C:\www\assignment5\login.php:16
Stack trace:
#0 {main}
  thrown in C:\www\assignment5\login.php on line 16
[07-Dec-2023 04:14:04 UTC] PHP Fatal error:  Uncaught Error: Attempt to assign property "num_rows" on null in C:\www\assignment5\login.php:16
Stack trace:
#0 {main}
  thrown in C:\www\assignment5\login.php on line 16
[07-Dec-2023 04:14:16 UTC] PHP Fatal error:  Uncaught Error: Attempt to assign property "num_row" on null in C:\www\assignment5\login.php:16
Stack trace:
#0 {main}
  thrown in C:\www\assignment5\login.php on line 16
[07-Dec-2023 04:14:34 UTC] PHP Fatal error:  Uncaught Error: Cannot write read-only property mysqli_result::$num_rows in C:\www\assignment5\login.php:16
Stack trace:
#0 {main}
  thrown in C:\www\assignment5\login.php on line 16
[07-Dec-2023 04:21:43 UTC] PHP Warning:  Undefined variable $isPasswordssa in C:\www\assignment5\login.php on line 19
[07-Dec-2023 04:22:03 UTC] PHP Fatal error:  Uncaught Error: Undefined constant "dss" in C:\www\assignment5\login.php:19
Stack trace:
#0 {main}
  thrown in C:\www\assignment5\login.php on line 19
[07-Dec-2023 04:33:31 UTC] PHP Parse error:  syntax error, unexpected token "}" in C:\www\assignment5\login.php on line 24
[07-Dec-2023 04:37:12 UTC] PHP Parse error:  syntax error, unexpected string content "", expecting "-" or identifier or variable or number in C:\www\assignment5\login.php on line 25
[07-Dec-2023 04:37:19 UTC] PHP Parse error:  syntax error, unexpected string content "", expecting "-" or identifier or variable or number in C:\www\assignment5\login.php on line 25
[07-Dec-2023 04:37:23 UTC] PHP Parse error:  syntax error, unexpected string content "", expecting "-" or identifier or variable or number in C:\www\assignment5\login.php on line 25
[07-Dec-2023 19:21:01 UTC] PHP Parse error:  syntax error, unexpected token "print" in C:\www\assignment5\home.php on line 7
[07-Dec-2023 19:50:20 UTC] PHP Warning:  Undefined array key "image" in C:\www\assignment5\home.php on line 35
[07-Dec-2023 19:50:20 UTC] PHP Warning:  Undefined array key "username" in C:\www\assignment5\home.php on line 36
[07-Dec-2023 19:50:37 UTC] PHP Warning:  Undefined array key "image" in C:\www\assignment5\home.php on line 35
[07-Dec-2023 19:50:37 UTC] PHP Warning:  Undefined array key "username" in C:\www\assignment5\home.php on line 36
[07-Dec-2023 19:54:55 UTC] PHP Warning:  Undefined array key "image" in C:\www\assignment5\home.php on line 35
[07-Dec-2023 19:54:55 UTC] PHP Warning:  Undefined array key "username" in C:\www\assignment5\home.php on line 36
[07-Dec-2023 19:57:13 UTC] PHP Warning:  Undefined array key "image" in C:\www\assignment5\home.php on line 35
[07-Dec-2023 19:57:13 UTC] PHP Warning:  Undefined array key "username" in C:\www\assignment5\home.php on line 36
[07-Dec-2023 20:11:38 UTC] PHP Warning:  Undefined array key "image" in C:\www\assignment5\home.php on line 35
[07-Dec-2023 20:11:38 UTC] PHP Warning:  Undefined array key "username" in C:\www\assignment5\home.php on line 36
[07-Dec-2023 20:12:57 UTC] PHP Warning:  Undefined array key "image" in C:\www\assignment5\home.php on line 35
[07-Dec-2023 20:12:57 UTC] PHP Warning:  Undefined array key "username" in C:\www\assignment5\home.php on line 36
[07-Dec-2023 20:27:34 UTC] PHP Warning:  Undefined variable $result in C:\www\assignment5\manageAccounts.php on line 13
[07-Dec-2023 20:27:34 UTC] PHP Fatal error:  Uncaught Error: Call to a member function fetch_assoc() on null in C:\www\assignment5\manageAccounts.php:13
Stack trace:
#0 {main}
  thrown in C:\www\assignment5\manageAccounts.php on line 13
[07-Dec-2023 20:30:12 UTC] PHP Warning:  Undefined variable $first in C:\www\assignment5\manageAccounts.php on line 26
[07-Dec-2023 20:30:12 UTC] PHP Warning:  Undefined variable $last in C:\www\assignment5\manageAccounts.php on line 26
[07-Dec-2023 20:30:12 UTC] PHP Warning:  Undefined variable $phone in C:\www\assignment5\manageAccounts.php on line 26
[07-Dec-2023 20:30:12 UTC] PHP Warning:  Undefined variable $first in C:\www\assignment5\manageAccounts.php on line 26
[07-Dec-2023 20:30:12 UTC] PHP Warning:  Undefined variable $last in C:\www\assignment5\manageAccounts.php on line 26
[07-Dec-2023 20:30:12 UTC] PHP Warning:  Undefined variable $phone in C:\www\assignment5\manageAccounts.php on line 26
[07-Dec-2023 20:30:13 UTC] PHP Warning:  Undefined variable $first in C:\www\assignment5\manageAccounts.php on line 26
[07-Dec-2023 20:30:13 UTC] PHP Warning:  Undefined variable $last in C:\www\assignment5\manageAccounts.php on line 26
[07-Dec-2023 20:30:13 UTC] PHP Warning:  Undefined variable $phone in C:\www\assignment5\manageAccounts.php on line 26
[07-Dec-2023 20:30:13 UTC] PHP Warning:  Undefined variable $first in C:\www\assignment5\manageAccounts.php on line 26
[07-Dec-2023 20:30:13 UTC] PHP Warning:  Undefined variable $last in C:\www\assignment5\manageAccounts.php on line 26
[07-Dec-2023 20:30:13 UTC] PHP Warning:  Undefined variable $phone in C:\www\assignment5\manageAccounts.php on line 26
[07-Dec-2023 20:31:48 UTC] PHP Warning:  Undefined variable $username in C:\www\assignment5\manageAccounts.php on line 19
[07-Dec-2023 20:37:11 UTC] PHP Warning:  Undefined variable $id in C:\www\assignment5\deleteAccount.php on line 7
[07-Dec-2023 20:37:11 UTC] PHP Warning:  Undefined variable $first in C:\www\assignment5\deleteAccount.php on line 8
[07-Dec-2023 20:37:11 UTC] PHP Warning:  Undefined variable $last in C:\www\assignment5\deleteAccount.php on line 9
[07-Dec-2023 20:37:11 UTC] PHP Warning:  Undefined variable $phone in C:\www\assignment5\deleteAccount.php on line 10
[07-Dec-2023 20:37:43 UTC] PHP Warning:  Undefined variable $id in C:\www\assignment5\deleteAccount.php on line 7
[07-Dec-2023 20:37:43 UTC] PHP Warning:  Undefined variable $username in C:\www\assignment5\deleteAccount.php on line 8
[07-Dec-2023 20:37:43 UTC] PHP Warning:  Undefined variable $password in C:\www\assignment5\deleteAccount.php on line 9
[07-Dec-2023 20:37:43 UTC] PHP Warning:  Undefined variable $picture in C:\www\assignment5\deleteAccount.php on line 10
[07-Dec-2023 22:15:22 UTC] PHP Parse error:  syntax error, unexpected token "}", expecting variable or "{" or "$" in C:\www\assignment5\editAccount.php on line 8
[07-Dec-2023 22:15:38 UTC] PHP Parse error:  syntax error, unexpected token "}", expecting variable or "{" or "$" in C:\www\assignment5\editAccount.php on line 8
[07-Dec-2023 22:15:53 UTC] PHP Warning:  Undefined array key "" in C:\www\assignment5\editAccount.php on line 22
[07-Dec-2023 22:18:00 UTC] PHP Parse error:  syntax error, unexpected token ")", expecting "(" in C:\www\assignment5\editAccount.php on line 5
[07-Dec-2023 22:18:01 UTC] PHP Parse error:  syntax error, unexpected token ")", expecting "(" in C:\www\assignment5\editAccount.php on line 5
[07-Dec-2023 22:20:44 UTC] PHP Warning:  Undefined variable $id in C:\www\assignment5\editAccount.php on line 22
[07-Dec-2023 22:25:19 UTC] PHP Parse error:  syntax error, unexpected token "}" in C:\www\assignment5\editAccount.php on line 8
[07-Dec-2023 22:25:26 UTC] PHP Warning:  Undefined variable $id in C:\www\assignment5\editAccount.php on line 30
[07-Dec-2023 22:26:02 UTC] PHP Warning:  Undefined variable $id in C:\www\assignment5\editAccount.php on line 30
[07-Dec-2023 22:26:03 UTC] PHP Warning:  Undefined variable $id in C:\www\assignment5\editAccount.php on line 30
[07-Dec-2023 22:26:03 UTC] PHP Warning:  Undefined variable $id in C:\www\assignment5\editAccount.php on line 30
[07-Dec-2023 22:26:57 UTC] PHP Warning:  Undefined variable $id in C:\www\assignment5\editAccount.php on line 30
[07-Dec-2023 22:36:55 UTC] PHP Fatal error:  Uncaught Error: Call to undefined function fetch_assoc() in C:\www\assignment5\editAccount.php:22
Stack trace:
#0 {main}
  thrown in C:\www\assignment5\editAccount.php on line 22
[07-Dec-2023 22:38:25 UTC] PHP Fatal error:  Cannot use isset() on the result of an expression (you can use "null !== expression" instead) in C:\www\assignment5\editAccount.php on line 24
[07-Dec-2023 22:46:30 UTC] PHP Parse error:  syntax error, unexpected token "exit" in C:\www\assignment5\editAccount.php on line 35
[07-Dec-2023 22:47:13 UTC] PHP Warning:  Undefined array key "id" in C:\www\assignment5\editAccount.php on line 6
[07-Dec-2023 22:47:13 UTC] PHP Warning:  Trying to access array offset on value of type null in C:\www\assignment5\editAccount.php on line 61
[07-Dec-2023 22:47:13 UTC] PHP Warning:  Trying to access array offset on value of type null in C:\www\assignment5\editAccount.php on line 64
[07-Dec-2023 22:52:48 UTC] PHP Warning:  Undefined array key "id" in C:\www\assignment5\editAccount.php on line 6
[07-Dec-2023 22:52:48 UTC] PHP Warning:  Trying to access array offset on value of type null in C:\www\assignment5\editAccount.php on line 61
[07-Dec-2023 22:52:48 UTC] PHP Warning:  Trying to access array offset on value of type null in C:\www\assignment5\editAccount.php on line 64
[07-Dec-2023 22:53:43 UTC] PHP Warning:  Undefined array key "username" in C:\www\assignment5\manageAccounts.php on line 19
